<?xml version="1.0" encoding="UTF-8"?>
<!-- Generated by org.testng.reporters.JUnitReportReporter -->
<testsuite hostname="Meghanas-MacBook-Pro.local" failures="0" tests="1" name="testCases.TestCase1" time="44.876" errors="0" timestamp="2024-08-19T12:25:37 PDT" skipped="0">
  <testcase classname="testCases.TestCase1" name="guestCheckoutUingDirectBanckTransfer" time="44.876"/>
  <system-out/>
</testsuite> <!-- testCases.TestCase1 -->
